MPAS-CE-v0.1_ 7201536.bin

1. 스톱워치 모드 로직을 수정했습니다.
-> A 버튼을 길게 눌러 초기화 하는 것을 없애고 대신 5초 카운트다운을 수행하도록 했습니다. 스타트 시그널이 발생합니다.

--------------------------------------------------------------------------------------------------------------------------------

MPAS-CE-v0.1_ 6223558.bin

1. 센서모드에서 각도에 따라 화면을 상하 반전 시켜주는 기능을 추가했습니다.

--------------------------------------------------------------------------------------------------------------------------------

MPAS-CE-v0.1_ 6172539.bin

1. 이전 버전에 더해 추가적으로 안정화 작업을 거쳐 센서모드에서 가만히 있어도 요동치던 측정값을 거의 잡았습니다.
측정시 간혹 모터에서 나오는 고음역대 소리에 민감하게 반응해 말도 안되는 수치가 나올 때가 있습니다.
모터에 가까이 가져다 댔다면 모터에서 떨어뜨리고, 그 반대라면 가까이 붙여보시면 잠시 후 안정된 값을 보여줄겁니다.

2. 배터리 타임이 소폭 줄어들었을 수 있습니다. 이전 버전에서 언급한 3시간은 완전히 방전되 전원이 꺼질 때 까지의 시간입니다.
배터리에 안좋은 영향을 줄 수 있으니 그전에 반드시 전원을 공급해 주세요.

3. 저장소에 업로드된 배치 파일은 아두이노 개발 환경에서 컴파일 후 남게되는 가장 최근의 바이너리 파일을 프로젝트 폴더로 복사해
가져오는 스크립트 입니다. 필요에 따라 수정해서 사용해 주세요. 

--------------------------------------------------------------------------------------------------------------------------------

MPAS-CE-v0.1_ 5222222.bin

1. 센서모드에서 가만히 있어도 측정수치가 계속 요동치고 있는데, 측정에 들어가면 스마트폰 앱보다 다소 변동폭이 좁은 평균값을 보여줍니다. 
다만, 이 때문에 일부 영역에선 다른 모터라도 거의 같은 값이 나오는 경우가 종종 확인되고 있으니 참고하시기 바랍니다. 
보다 정밀한 측정은 전문 장비를 이용해주세요.

2. 센서모드에서 배터리 잔량이 수시로 변하는 것은 내부 전압 측정값에 민감하게 반응하기 때문인 것으로 생각됩니다. 
저전압 상태가 되니 측정값이 250 정도로 안정되어 가만히 있는걸 확인할 수 있었습니다. 기기는 별도의 조작이 없을 경우에 최대 약 3시간 까지 작동합니다. 
10% 이하로 떨어지면 기계의 LED와 함께 숫자가 깜박이게 되는데, 최저전압을 타이트하게 잡았으니 10%가 되기전에 충전해주세요. 
충전은 일반적인 5V 짜리 충전기를 사용하시면 됩니다. 기회가 되면 별도의 배터리팩 제작법이나 추가 전원공급 방법 등을 기술하겠습니다.

3. QR 모드의 링크들은 많은 분들이 보셨으면 좋겠다 생각되 임의로 추가했습니다. 
본 프로젝트와 당사자 분들과 직접적인 관계는 없습니다만 부디 많은 관심과 응원, 그리고 홍보 부탁드립니다. 
특히, 미니카에 막 입문하신 분들께는 더 없이 좋은 내용들이라 생각됩니다. (지도 빼고....;;;;)
